@!@!@STARTMSG 2262:0 @!@!@
TLC2 Version 2.18 of Day Month 20?? (rev: f4d8c3d)
@!@!@ENDMSG 2262 @!@!@
@!@!@STARTMSG 2187:0 @!@!@
Running breadth-first search Model-Checking with fp 54 and seed -6409780613165681892 with 4 workers on 8 cores with 599MB heap and 1345MB offheap memory [pid: 20872] (Windows 10 10.0 amd64, AdoptOpenJDK 14.0.1 x86_64, OffHeapDiskFPSet, DiskStateQueue).
@!@!@ENDMSG 2187 @!@!@
@!@!@STARTMSG 2220:0 @!@!@
Starting SANY...
@!@!@ENDMSG 2220 @!@!@
Parsing file C:\Users\yanel\Desktop\pcd-2122\TLA+-specs\lab\step1a_invariants.toolbox\Model_1\MC.tla
Parsing file C:\Users\yanel\Desktop\pcd-2122\TLA+-specs\lab\step1a_invariants.toolbox\Model_1\step1a_invariants.tla
Warning: symbols were renamed.
Parsing file C:\Users\yanel\Downloads\TLAToolbox-1.8.0-win32.win32.x86_64\toolbox\plugins\org.lamport.tlatools_1.0.0.202203041950\tla2sany\StandardModules\TLC.tla
Parsing file C:\Users\yanel\Downloads\TLAToolbox-1.8.0-win32.win32.x86_64\toolbox\plugins\org.lamport.tlatools_1.0.0.202203041950\tla2sany\StandardModules\Integers.tla
Parsing file C:\Users\yanel\Downloads\TLAToolbox-1.8.0-win32.win32.x86_64\toolbox\plugins\org.lamport.tlatools_1.0.0.202203041950\tla2sany\StandardModules\Naturals.tla
Parsing file C:\Users\yanel\Downloads\TLAToolbox-1.8.0-win32.win32.x86_64\toolbox\plugins\org.lamport.tlatools_1.0.0.202203041950\tla2sany\StandardModules\Sequences.tla
Parsing file C:\Users\yanel\Downloads\TLAToolbox-1.8.0-win32.win32.x86_64\toolbox\plugins\org.lamport.tlatools_1.0.0.202203041950\tla2sany\StandardModules\FiniteSets.tla
Semantic processing of module Naturals
Semantic processing of module Sequences
Semantic processing of module FiniteSets
Semantic processing of module TLC
Semantic processing of module Integers
Semantic processing of module step1a_invariants
Semantic processing of module MC
@!@!@STARTMSG 2219:0 @!@!@
SANY finished.
@!@!@ENDMSG 2219 @!@!@
@!@!@STARTMSG 2185:0 @!@!@
Starting... (2022-04-06 13:29:14)
@!@!@ENDMSG 2185 @!@!@
@!@!@STARTMSG 2212:0 @!@!@
Implied-temporal checking--satisfiability problem has 1 branches.
@!@!@ENDMSG 2212 @!@!@
@!@!@STARTMSG 2189:0 @!@!@
Computing initial states...
@!@!@ENDMSG 2189 @!@!@
@!@!@STARTMSG 2190:0 @!@!@
Finished computing initial states: 1 distinct state generated at 2022-04-06 13:29:17.
@!@!@ENDMSG 2190 @!@!@
@!@!@STARTMSG 2200:0 @!@!@
Progress(3) at 2022-04-06 13:29:17: 7 states generated, 5 distinct states found, 0 states left on queue.
@!@!@ENDMSG 2200 @!@!@
@!@!@STARTMSG 2192:0 @!@!@
Checking temporal properties for the complete state space with 5 total distinct states at (2022-04-06 13:29:17)
@!@!@ENDMSG 2192 @!@!@
@!@!@STARTMSG 2116:1 @!@!@
Temporal properties were violated.

@!@!@ENDMSG 2116 @!@!@
@!@!@STARTMSG 2264:1 @!@!@
The following behavior constitutes a counter-example:

@!@!@ENDMSG 2264 @!@!@
@!@!@STARTMSG 2217:4 @!@!@
1: <Initial predicate>
/\ a = 1
/\ b = 2
/\ c = 0
/\ pc = [p |-> "l1_", q |-> "l1"]

@!@!@ENDMSG 2217 @!@!@
@!@!@STARTMSG 2217:4 @!@!@
2: <l1 line 56, col 7 to line 59, col 29 of module step1a_invariants>
/\ a = 1
/\ b = 2
/\ c = 2
/\ pc = [p |-> "l1_", q |-> "Done"]

@!@!@ENDMSG 2217 @!@!@
@!@!@STARTMSG 2218:4 @!@!@
3: Stuttering
@!@!@ENDMSG 2218 @!@!@
@!@!@STARTMSG 2267:0 @!@!@
Finished checking temporal properties in 00s at 2022-04-06 13:29:17
@!@!@ENDMSG 2267 @!@!@
@!@!@STARTMSG 2201:0 @!@!@
The coverage statistics at 2022-04-06 13:29:17
@!@!@ENDMSG 2201 @!@!@
@!@!@STARTMSG 2773:0 @!@!@
<Init line 40, col 1 to line 40, col 4 of module step1a_invariants>: 2:2
@!@!@ENDMSG 2773 @!@!@
@!@!@STARTMSG 2221:0 @!@!@
  line 46, col 12 to line 47, col 62 of module step1a_invariants: 2
@!@!@ENDMSG 2221 @!@!@
@!@!@STARTMSG 2775:0 @!@!@
  |line 46, col 17 to line 47, col 62 of module step1a_invariants: 2:4
@!@!@ENDMSG 2775 @!@!@
@!@!@STARTMSG 2221:0 @!@!@
  ||line 46, col 27 to line 46, col 33 of module step1a_invariants: 2
@!@!@ENDMSG 2221 @!@!@
@!@!@STARTMSG 2772:0 @!@!@
<l1_ line 49, col 1 to line 49, col 3 of module step1a_invariants>: 2:3
@!@!@ENDMSG 2772 @!@!@
@!@!@STARTMSG 2221:0 @!@!@
  line 49, col 11 to line 49, col 25 of module step1a_invariants: 9
@!@!@ENDMSG 2221 @!@!@
@!@!@STARTMSG 2221:0 @!@!@
  |line 49, col 11 to line 49, col 17 of module step1a_invariants: 6
@!@!@ENDMSG 2221 @!@!@
@!@!@STARTMSG 2221:0 @!@!@
  line 50, col 11 to line 50, col 16 of module step1a_invariants: 3
@!@!@ENDMSG 2221 @!@!@
@!@!@STARTMSG 2221:0 @!@!@
  line 51, col 11 to line 51, col 43 of module step1a_invariants: 3
@!@!@ENDMSG 2221 @!@!@
@!@!@STARTMSG 2221:0 @!@!@
  line 52, col 11 to line 52, col 30 of module step1a_invariants: 3
@!@!@ENDMSG 2221 @!@!@
@!@!@STARTMSG 2772:0 @!@!@
<l1 line 56, col 1 to line 56, col 2 of module step1a_invariants>: 2:3
@!@!@ENDMSG 2772 @!@!@
@!@!@STARTMSG 2221:0 @!@!@
  line 56, col 10 to line 56, col 23 of module step1a_invariants: 9
@!@!@ENDMSG 2221 @!@!@
@!@!@STARTMSG 2221:0 @!@!@
  |line 56, col 10 to line 56, col 16 of module step1a_invariants: 6
@!@!@ENDMSG 2221 @!@!@
@!@!@STARTMSG 2221:0 @!@!@
  line 57, col 10 to line 57, col 15 of module step1a_invariants: 3
@!@!@ENDMSG 2221 @!@!@
@!@!@STARTMSG 2221:0 @!@!@
  line 58, col 10 to line 58, col 42 of module step1a_invariants: 3
@!@!@ENDMSG 2221 @!@!@
@!@!@STARTMSG 2221:0 @!@!@
  line 59, col 10 to line 59, col 29 of module step1a_invariants: 3
@!@!@ENDMSG 2221 @!@!@
@!@!@STARTMSG 2772:0 @!@!@
<Terminating line 64, col 1 to line 64, col 11 of module step1a_invariants>: 0:2
@!@!@ENDMSG 2772 @!@!@
@!@!@STARTMSG 2221:0 @!@!@
  line 64, col 40 to line 64, col 56 of module step1a_invariants: 12
@!@!@ENDMSG 2221 @!@!@
@!@!@STARTMSG 2221:0 @!@!@
  |line 64, col 40 to line 64, col 47 of module step1a_invariants: 8
@!@!@ENDMSG 2221 @!@!@
@!@!@STARTMSG 2221:0 @!@!@
  line 64, col 31 to line 64, col 37 of module step1a_invariants: 5
@!@!@ENDMSG 2221 @!@!@
@!@!@STARTMSG 2221:0 @!@!@
  line 65, col 19 to line 65, col 32 of module step1a_invariants: 2
@!@!@ENDMSG 2221 @!@!@
@!@!@STARTMSG 2202:0 @!@!@
End of statistics.
@!@!@ENDMSG 2202 @!@!@
@!@!@STARTMSG 2200:0 @!@!@
Progress(3) at 2022-04-06 13:29:17: 7 states generated (90 s/min), 5 distinct states found (64 ds/min), 0 states left on queue.
@!@!@ENDMSG 2200 @!@!@
@!@!@STARTMSG 2199:0 @!@!@
7 states generated, 5 distinct states found, 0 states left on queue.
@!@!@ENDMSG 2199 @!@!@
@!@!@STARTMSG 2194:0 @!@!@
The depth of the complete state graph search is 3.
@!@!@ENDMSG 2194 @!@!@
@!@!@STARTMSG 2186:0 @!@!@
Finished in 4674ms at (2022-04-06 13:29:17)
@!@!@ENDMSG 2186 @!@!@
